<?xml version="1.0" encoding="UTF-8"?>
<!-- Generated by org.testng.reporters.JUnitReportReporter -->
<testsuite skipped="0" hostname="MAHANTESH" name="filpkart.Actonap" tests="1" failures="0" timestamp="16 Mar 2019 05:30:40 GMT" time="69.014" errors="0">
  <testcase name="logb" time="69.014" classname="filpkart.Actonap"/>
</testsuite> <!-- filpkart.Actonap -->
