<?xml version="1.0" encoding="UTF-8"?>
<!-- Generated by org.testng.reporters.JUnitReportReporter -->
<testsuite skipped="0" hostname="MAHANTESH" name="pompkg.Gener" tests="1" failures="0" timestamp="18 Mar 2019 06:25:13 GMT" time="41.135" errors="0">
  <testcase name="login" time="41.135" classname="pompkg.Gener"/>
</testsuite> <!-- pompkg.Gener -->
