<?xml version="1.0" encoding="UTF-8"?>
<!-- Generated by org.testng.reporters.JUnitReportReporter -->
<testsuite skipped="0" hostname="MAHANTESH" name="Adminmod.Demotng" tests="3" failures="0" timestamp="14 Mar 2019 15:08:05 GMT" time="0.020" errors="0">
  <testcase name="openBrowser" time="0.015" classname="Adminmod.Demotng"/>
  <testcase name="launchGoogle" time="0.003" classname="Adminmod.Demotng"/>
  <testcase name="launchGoogle" time="0.002" classname="Adminmod.Demotng"/>
</testsuite> <!-- Adminmod.Demotng -->
