<?xml version="1.0" encoding="UTF-8"?>
<!-- Generated by org.testng.reporters.JUnitReportReporter -->
<testsuite skipped="0" hostname="Mahantesh-PC" name="com.crm.qa.testcases.HomePageTest" tests="2" failures="0" timestamp="22 Apr 2019 09:13:27 GMT" time="26.071" errors="0">
  <testcase name="homePageTitleTest" time="11.716" classname="com.crm.qa.testcases.HomePageTest"/>
  <testcase name="homePageVersionTest" time="14.355" classname="com.crm.qa.testcases.HomePageTest"/>
</testsuite> <!-- com.crm.qa.testcases.HomePageTest -->
